Arguments: 
  /Users/lynskylate/.nvm/versions/node/v9.4.0/bin/node /Users/lynskylate/.nvm/versions/node/v9.4.0/bin/yarn add test.css

PATH: 
  /Users/lynskylate/scripts/Path:/Users/lynskylate/go/bin:/Users/lynskylate/.nvm/versions/node/v9.4.0/bin:/usr/local/bin:/usr/bin:/bin:/usr/sbin:/sbin:/usr/local/go/bin:/Users/lynskylate/scripts/Path:/Users/lynskylate/go/bin

Yarn version: 
  1.3.2

Node version: 
  9.4.0

Platform: 
  darwin x64

npm manifest: 
  {
    "name": "ife2018",
    "version": "1.0.0",
    "main": "index.js",
    "license": "MIT",
    "dependencies": {
      "san": "^3.5.6"
    }
  }

yarn manifest: 
  No manifest

Lockfile: 
  # THIS IS AN AUTOGENERATED FILE. DO NOT EDIT THIS FILE DIRECTLY.
  # yarn lockfile v1
  
  
  san@^3.5.6:
    version "3.5.6"
    resolved "http://registry.npm.taobao.org/san/download/san-3.5.6.tgz#5bcc1e98a15d4e93d1930406988e5a04dc8ae93f"

Trace: 
  Error: https://registry.npmjs.org/test.css/-/test.css-0.0.1.tgz: Request failed "404 Not Found"
      at Request.<anonymous> (/Users/lynskylate/.nvm/versions/node/v9.4.0/lib/node_modules/yarn/lib/cli.js:59356:26)
      at Request.emit (events.js:160:13)
      at Request.module.exports.Request.onRequestResponse (/Users/lynskylate/.nvm/versions/node/v9.4.0/lib/node_modules/yarn/lib/cli.js:123971:10)
      at ClientRequest.emit (events.js:160:13)
      at HTTPParser.parserOnIncomingClient (_http_client.js:548:21)
      at HTTPParser.parserOnHeadersComplete (_http_common.js:115:23)
      at TLSSocket.socketOnData (_http_client.js:439:20)
      at TLSSocket.emit (events.js:160:13)
      at addChunk (_stream_readable.js:269:12)
      at readableAddChunk (_stream_readable.js:256:11)
